0.486004 0.501782
0.486 0.5018
0.485998 0.501824
0.481703 0.56966
0.4817 0.5697
0.48172 0.569863
0.493468 0.663547
0.4935 0.6638
0.493502 0.663875
0.495697 0.733405
0.4957 0.7335
0.495702 0.733587
0.496798 0.7832
0.4968 0.7833
0.496795 0.783341
0.489806 0.840253
0.4898 0.8403
0.489791 0.840312
0.477909 0.855688
0.4779 0.8557
0.47789 0.855697
0.46181 0.850203
0.4618 0.8502
0.461788 0.850121
0.458128 0.826287
0.4564 0.7362
0.456388 0.736117
0.456248 0.735116
0.456238 0.735042
0.456228 0.734967
0.455919 0.732762
0.45591 0.732698
0.455901 0.732633
0.44831 0.678369
0.4483 0.6783
0.44829 0.678241
0.437507 0.612245
0.4375 0.6122
0.43749 0.612192
0.418109 0.595008
0.4181 0.595
0.418075 0.595091
0.414057 0.609761
0.414039 0.609826
0.414022 0.609891
0.411885 0.617691
0.411872 0.617739
0.411859 0.617787
0.406356 0.637881
0.406336 0.637951
0.406317 0.638022
0.405231 0.641987
0.4052 0.6421
0.362987 0.870117
0.351414 0.885482
0.3514 0.8855
0.351392 0.885493
0.329808 0.866507
0.3298 0.8665
0.329806 0.866437
0.334694 0.817657
0.3347 0.8176
0.334722 0.817483
0.348681 0.744397
0.3487 0.7443
0.348706 0.744247
0.354595 0.688244
0.3546 0.6882
0.354611 0.688136
0.371938 0.588654
0.371941 0.588635
0.371944 0.588615
0.372393 0.586041
0.3724 0.586
0.37239 0.586
0.370469 0.586
0.370465 0.586
0.37046 0.586
0.366312 0.586
0.366306 0.586
0.3663 0.586
0.364411 0.586
0.364403 0.586
0.364395 0.586
0.361739 0.586
0.361734 0.586
0.36173 0.586
0.36051 0.586
0.3605 0.586
0.255051 0.805099
0.249604 0.786912
0.2496 0.7869
0.249606 0.786869
0.256094 0.754329
0.2561 0.7543
0.256114 0.754256
0.28729 0.656632
0.2873 0.6566
0.287308 0.656572
0.296993 0.622225
0.297 0.6222
0.297008 0.622174
0.316825 0.556809
0.316828 0.556798
0.316831 0.556787
0.318902 0.549956
0.318906 0.549945
0.318909 0.549933
0.321958 0.539876
0.321961 0.539867
0.321964 0.539858
0.322795 0.537116
0.3228 0.5371
0.322794 0.537096
0.314771 0.532141
0.314766 0.532138
0.314761 0.532135
0.312606 0.530804
0.3126 0.5308
0.213242 0.625369
0.213001 0.621309
0.213 0.6213
0.213007 0.621284
0.235094 0.572413
0.2351 0.5724
0.235105 0.572388
0.250696 0.53531
0.2507 0.5353
0.250705 0.535289
0.289398 0.461105
0.2894 0.4611
0.289401 0.461096
0.2991 0.420401
0.2991 0.4204
0.2991 0.420399
0.3061 0.363302
0.3061 0.3633
0.3061 0.363298
0.313099 0.319005
0.3131 0.319
0.313101 0.318995
0.323898 0.264709
0.3239 0.2647
0.323903 0.264693
0.336296 0.235709
0.3363 0.2357
0.336306 0.235694
0.356193 0.217606
0.3562 0.2176
0.35621 0.217599
0.49619 0.208601
0.4962 0.2086
0.496207 0.208613
0.557097 0.319895
0.5571 0.3199
0.557103 0.319905
0.606099 0.415799
0.6061 0.4158
0.6061 0.415801
0.619555 0.44531
0.5398 0.424
0.539795 0.424001
0.51058 0.431361
0.510578 0.431361
0.510576 0.431362
0.50591 0.432537
0.505907 0.432538
0.505904 0.432539
0.500507 0.433898
0.5005 0.4339
0.500499 0.433906
0.499687 0.437705
0.499687 0.437707
0.499687 0.437709
0.499432 0.438901
0.499432 0.438903
0.499431 0.438906
